  [1m[35m (208.6ms)[0m  [1m[35mCREATE TABLE "schema_migrations" ("version" character varying PRIMARY KEY)[0m
  [1m[35m (114.7ms)[0m  [1m[35mCREATE TABLE "ar_internal_metadata" ("key" character varying PRIMARY KEY, "value" character varying, "created_at" timestamp NOT NULL, "updated_at" timestamp NOT NULL)[0m
  [1m[35m (0.4ms)[0m  [1m[34mSELECT pg_try_advisory_lock(3383241564578350545);[0m
  [1m[36mActiveRecord::SchemaMigration Load (0.9ms)[0m  [1m[34mSELECT "schema_migrations".* FROM "schema_migrations"[0m
Migrating to CreateCustomers (20171214035457)
  [1m[35m (0.3ms)[0m  [1m[35mBEGIN[0m
  [1m[35m (138.9ms)[0m  [1m[35mCREATE TABLE "customers" ("id" serial primary key, "name" character varying, "email_id" character varying, "phone" integer, "branch_id" integer, "created_at" timestamp NOT NULL, "updated_at" timestamp NOT NULL, CONSTRAINT "fk_rails_373a09610e"
FOREIGN KEY ("branch_id")
  REFERENCES "branches" ("id")
)[0m
  [1m[35m (0.3ms)[0m  [1m[31mROLLBACK[0m
  [1m[35m (0.4ms)[0m  [1m[34mSELECT pg_advisory_unlock(3383241564578350545)[0m
  [1m[35m (0.3ms)[0m  [1m[34mSELECT pg_try_advisory_lock(3383241564578350545);[0m
  [1m[36mActiveRecord::SchemaMigration Load (0.6ms)[0m  [1m[34mSELECT "schema_migrations".* FROM "schema_migrations"[0m
Migrating to CreateBranches (20171214035603)
  [1m[35m (0.2ms)[0m  [1m[35mBEGIN[0m
  [1m[35m (124.6ms)[0m  [1m[35mCREATE TABLE "branches" ("id" serial primary key, "name" character varying, "created_at" timestamp NOT NULL, "updated_at" timestamp NOT NULL)[0m
  [1m[35mSQL (0.7ms)[0m  [1m[32mINSERT INTO "schema_migrations" ("version") VALUES ($1) RETURNING "version"[0m  [["version", "20171214035603"]]
  [1m[35m (18.4ms)[0m  [1m[35mCOMMIT[0m
  [1m[36mActiveRecord::InternalMetadata Load (0.8ms)[0m  [1m[34mSELECT  "ar_internal_metadata".* FROM "ar_internal_metadata" WHERE "ar_internal_metadata"."key" = $1 LIMIT $2[0m  [["key", "environment"], ["LIMIT", 1]]
  [1m[35m (0.3ms)[0m  [1m[35mBEGIN[0m
  [1m[35mSQL (0.6ms)[0m  [1m[32mINSERT INTO "ar_internal_metadata" ("key", "value", "created_at", "updated_at") VALUES ($1, $2, $3, $4) RETURNING "key"[0m  [["key", "environment"], ["value", "development"], ["created_at", "2017-12-14 03:56:09.476355"], ["updated_at", "2017-12-14 03:56:09.476355"]]
  [1m[35m (8.4ms)[0m  [1m[35mCOMMIT[0m
  [1m[35m (0.4ms)[0m  [1m[34mSELECT pg_advisory_unlock(3383241564578350545)[0m
  [1m[36mActiveRecord::SchemaMigration Load (0.3ms)[0m  [1m[34mSELECT "schema_migrations".* FROM "schema_migrations"[0m
  [1m[35m (0.2ms)[0m  [1m[34mSELECT pg_try_advisory_lock(3383241564578350545);[0m
  [1m[36mActiveRecord::SchemaMigration Load (0.5ms)[0m  [1m[34mSELECT "schema_migrations".* FROM "schema_migrations"[0m
Migrating to CreateCustomers (20171214035618)
  [1m[35m (0.2ms)[0m  [1m[35mBEGIN[0m
  [1m[35m (97.7ms)[0m  [1m[35mCREATE TABLE "customers" ("id" serial primary key, "name" character varying, "email_id" character varying, "phone" integer, "branch_id" integer, "created_at" timestamp NOT NULL, "updated_at" timestamp NOT NULL, CONSTRAINT "fk_rails_373a09610e"
FOREIGN KEY ("branch_id")
  REFERENCES "branches" ("id")
)[0m
  [1m[35m (55.3ms)[0m  [1m[35mCREATE  INDEX  "index_customers_on_branch_id" ON "customers"  ("branch_id")[0m
  [1m[35mSQL (0.6ms)[0m  [1m[32mINSERT INTO "schema_migrations" ("version") VALUES ($1) RETURNING "version"[0m  [["version", "20171214035618"]]
  [1m[35m (17.7ms)[0m  [1m[35mCOMMIT[0m
  [1m[36mActiveRecord::InternalMetadata Load (0.5ms)[0m  [1m[34mSELECT  "ar_internal_metadata".* FROM "ar_internal_metadata" WHERE "ar_internal_metadata"."key" = $1 LIMIT $2[0m  [["key", "environment"], ["LIMIT", 1]]
  [1m[35m (0.3ms)[0m  [1m[35mBEGIN[0m
  [1m[35m (0.2ms)[0m  [1m[35mCOMMIT[0m
  [1m[35m (0.3ms)[0m  [1m[34mSELECT pg_advisory_unlock(3383241564578350545)[0m
  [1m[36mActiveRecord::SchemaMigration Load (0.3ms)[0m  [1m[34mSELECT "schema_migrations".* FROM "schema_migrations"[0m
  [1m[35m (0.2ms)[0m  [1m[34mSELECT pg_try_advisory_lock(3383241564578350545);[0m
  [1m[36mActiveRecord::SchemaMigration Load (0.7ms)[0m  [1m[34mSELECT "schema_migrations".* FROM "schema_migrations"[0m
Migrating to CreateAccounts (20171214040121)
  [1m[35m (0.3ms)[0m  [1m[35mBEGIN[0m
  [1m[35m (63.3ms)[0m  [1m[35mCREATE TABLE "accounts" ("id" serial primary key, "balance" float DEFAULT 0.0, "customer_id" integer, "status" boolean, "created_at" timestamp NOT NULL, "updated_at" timestamp NOT NULL, CONSTRAINT "fk_rails_990d303a5d"
FOREIGN KEY ("customer_id")
  REFERENCES "customers" ("id")
)[0m
  [1m[35m (54.5ms)[0m  [1m[35mCREATE  INDEX  "index_accounts_on_customer_id" ON "accounts"  ("customer_id")[0m
  [1m[35mSQL (0.7ms)[0m  [1m[32mINSERT INTO "schema_migrations" ("version") VALUES ($1) RETURNING "version"[0m  [["version", "20171214040121"]]
  [1m[35m (22.9ms)[0m  [1m[35mCOMMIT[0m
Migrating to CreateAccountTransactions (20171214040315)
  [1m[35m (0.2ms)[0m  [1m[35mBEGIN[0m
  [1m[35m (0.2ms)[0m  [1m[31mROLLBACK[0m
  [1m[35m (0.4ms)[0m  [1m[34mSELECT pg_advisory_unlock(3383241564578350545)[0m
  [1m[35m (0.3ms)[0m  [1m[34mSELECT pg_try_advisory_lock(3383241564578350545);[0m
  [1m[36mActiveRecord::SchemaMigration Load (0.8ms)[0m  [1m[34mSELECT "schema_migrations".* FROM "schema_migrations"[0m
Migrating to CreateAccountTransactions (20171214040315)
  [1m[35m (0.3ms)[0m  [1m[35mBEGIN[0m
  [1m[35m (71.1ms)[0m  [1m[35mCREATE TABLE "account_transactions" ("id" serial primary key, "to_account" integer, "from_account" integer, "amount" float DEFAULT 0.0, "account_id" integer, "created_at" timestamp NOT NULL, "updated_at" timestamp NOT NULL, CONSTRAINT "fk_rails_fc4e13c982"
FOREIGN KEY ("account_id")
  REFERENCES "accounts" ("id")
)[0m
  [1m[35m (46.4ms)[0m  [1m[35mCREATE  INDEX  "index_account_transactions_on_account_id" ON "account_transactions"  ("account_id")[0m
  [1m[35mSQL (0.5ms)[0m  [1m[32mINSERT INTO "schema_migrations" ("version") VALUES ($1) RETURNING "version"[0m  [["version", "20171214040315"]]
  [1m[35m (33.0ms)[0m  [1m[35mCOMMIT[0m
  [1m[36mActiveRecord::InternalMetadata Load (0.5ms)[0m  [1m[34mSELECT  "ar_internal_metadata".* FROM "ar_internal_metadata" WHERE "ar_internal_metadata"."key" = $1 LIMIT $2[0m  [["key", "environment"], ["LIMIT", 1]]
  [1m[35m (0.3ms)[0m  [1m[35mBEGIN[0m
  [1m[35m (0.2ms)[0m  [1m[35mCOMMIT[0m
  [1m[35m (0.4ms)[0m  [1m[34mSELECT pg_advisory_unlock(3383241564578350545)[0m
  [1m[36mActiveRecord::SchemaMigration Load (0.3ms)[0m  [1m[34mSELECT "schema_migrations".* FROM "schema_migrations"[0m
  [1m[35m (0.3ms)[0m  [1m[34mSELECT pg_try_advisory_lock(3383241564578350545);[0m
  [1m[36mActiveRecord::SchemaMigration Load (0.6ms)[0m  [1m[34mSELECT "schema_migrations".* FROM "schema_migrations"[0m
Migrating to AddStatusToCustomer (20171214040549)
  [1m[35m (0.2ms)[0m  [1m[35mBEGIN[0m
  [1m[35m (0.6ms)[0m  [1m[35mALTER TABLE "customers" ADD "status" boolean[0m
  [1m[35mSQL (0.4ms)[0m  [1m[32mINSERT INTO "schema_migrations" ("version") VALUES ($1) RETURNING "version"[0m  [["version", "20171214040549"]]
  [1m[35m (74.1ms)[0m  [1m[35mCOMMIT[0m
  [1m[36mActiveRecord::InternalMetadata Load (0.5ms)[0m  [1m[34mSELECT  "ar_internal_metadata".* FROM "ar_internal_metadata" WHERE "ar_internal_metadata"."key" = $1 LIMIT $2[0m  [["key", "environment"], ["LIMIT", 1]]
  [1m[35m (0.3ms)[0m  [1m[35mBEGIN[0m
  [1m[35m (0.2ms)[0m  [1m[35mCOMMIT[0m
  [1m[35m (0.5ms)[0m  [1m[34mSELECT pg_advisory_unlock(3383241564578350545)[0m
  [1m[36mActiveRecord::SchemaMigration Load (0.4ms)[0m  [1m[34mSELECT "schema_migrations".* FROM "schema_migrations"[0m
  [1m[35m (0.3ms)[0m  [1m[35mBEGIN[0m
  [1m[36mBranch Exists (1.1ms)[0m  [1m[34mSELECT  1 AS one FROM "branches" WHERE "branches"."name" = $1 LIMIT $2[0m  [["name", "Hebbal Branch"], ["LIMIT", 1]]
  [1m[35mSQL (0.7ms)[0m  [1m[32mINSERT INTO "branches" ("name", "created_at", "updated_at") VALUES ($1, $2, $3) RETURNING "id"[0m  [["name", "Hebbal Branch"], ["created_at", "2017-12-14 04:12:10.979770"], ["updated_at", "2017-12-14 04:12:10.979770"]]
  [1m[35m (15.0ms)[0m  [1m[35mCOMMIT[0m
  [1m[35m (0.3ms)[0m  [1m[35mBEGIN[0m
  [1m[36mBranch Exists (0.6ms)[0m  [1m[34mSELECT  1 AS one FROM "branches" WHERE "branches"."name" = $1 LIMIT $2[0m  [["name", ""], ["LIMIT", 1]]
  [1m[35m (0.4ms)[0m  [1m[31mROLLBACK[0m
  [1m[35m (0.3ms)[0m  [1m[35mBEGIN[0m
  [1m[36mBranch Load (0.5ms)[0m  [1m[34mSELECT  "branches".* FROM "branches" WHERE "branches"."id" = $1 LIMIT $2[0m  [["id", 1], ["LIMIT", 1]]
  [1m[35mSQL (1.5ms)[0m  [1m[32mINSERT INTO "customers" ("name", "email_id", "phone", "branch_id", "created_at", "updated_at", "status") VALUES ($1, $2, $3, $4, $5, $6, $7) RETURNING "id"[0m  [["name", "Navin"], ["email_id", "navin@kreatio.com"], ["phone", 12345], ["branch_id", 1], ["created_at", "2017-12-14 04:19:19.480260"], ["updated_at", "2017-12-14 04:19:19.480260"], ["status", "t"]]
  [1m[35m (16.4ms)[0m  [1m[35mCOMMIT[0m
  [1m[35m (0.3ms)[0m  [1m[35mBEGIN[0m
  [1m[36mBranch Load (0.5ms)[0m  [1m[34mSELECT  "branches".* FROM "branches" WHERE "branches"."id" = $1 LIMIT $2[0m  [["id", 5], ["LIMIT", 1]]
  [1m[35m (0.4ms)[0m  [1m[31mROLLBACK[0m
  [1m[35m (0.3ms)[0m  [1m[35mBEGIN[0m
  [1m[36mBranch Load (0.4ms)[0m  [1m[34mSELECT  "branches".* FROM "branches" WHERE "branches"."id" = $1 LIMIT $2[0m  [["id", 5], ["LIMIT", 1]]
  [1m[35m (0.4ms)[0m  [1m[31mROLLBACK[0m
  [1m[35m (0.3ms)[0m  [1m[35mBEGIN[0m
  [1m[36mBranch Load (0.4ms)[0m  [1m[34mSELECT  "branches".* FROM "branches" WHERE "branches"."id" = $1 LIMIT $2[0m  [["id", 5], ["LIMIT", 1]]
  [1m[36mCustomer Exists (0.7ms)[0m  [1m[34mSELECT  1 AS one FROM "customers" WHERE "customers"."name" = $1 LIMIT $2[0m  [["name", "Navin"], ["LIMIT", 1]]
  [1m[35m (0.3ms)[0m  [1m[31mROLLBACK[0m
  [1m[35m (0.3ms)[0m  [1m[35mBEGIN[0m
  [1m[36mCustomer Exists (0.5ms)[0m  [1m[34mSELECT  1 AS one FROM "customers" WHERE "customers"."name" = $1 LIMIT $2[0m  [["name", ""], ["LIMIT", 1]]
  [1m[35m (0.3ms)[0m  [1m[31mROLLBACK[0m
  [1m[36mCustomer Load (0.5ms)[0m  [1m[34mSELECT  "customers".* FROM "customers" ORDER BY "customers"."id" ASC LIMIT $1[0m  [["LIMIT", 1]]
  [1m[36mCustomer Load (0.6ms)[0m  [1m[34mSELECT "customers".* FROM "customers"[0m
  [1m[36mCustomer Load (0.4ms)[0m  [1m[34mSELECT  "customers".* FROM "customers" WHERE "customers"."id" = $1 LIMIT $2[0m  [["id", 1], ["LIMIT", 1]]
  [1m[36mCustomer Load (0.5ms)[0m  [1m[34mSELECT "customers".* FROM "customers"[0m
  [1m[36mCustomer Load (0.6ms)[0m  [1m[34mSELECT  "customers".* FROM "customers" WHERE "customers"."id" = $1 LIMIT $2[0m  [["id", 1], ["LIMIT", 1]]
  [1m[36mCustomer Load (0.4ms)[0m  [1m[34mSELECT  "customers".* FROM "customers" WHERE "customers"."id" = $1 LIMIT $2[0m  [["id", 1], ["LIMIT", 1]]
  [1m[36mCustomer Load (0.6ms)[0m  [1m[34mSELECT  "customers".* FROM "customers" WHERE "customers"."id" = $1 LIMIT $2[0m  [["id", 1], ["LIMIT", 1]]
  [1m[36mCustomer Load (0.5ms)[0m  [1m[34mSELECT  "customers".* FROM "customers" WHERE "customers"."id" = $1 LIMIT $2[0m  [["id", 1], ["LIMIT", 1]]
  [1m[35m (0.3ms)[0m  [1m[35mBEGIN[0m
  [1m[36mBranch Load (0.4ms)[0m  [1m[34mSELECT  "branches".* FROM "branches" WHERE "branches"."id" = $1 LIMIT $2[0m  [["id", 1], ["LIMIT", 1]]
  [1m[36mCustomer Exists (0.6ms)[0m  [1m[34mSELECT  1 AS one FROM "customers" WHERE "customers"."name" = $1 AND ("customers"."id" != $2) LIMIT $3[0m  [["name", "Navin1"], ["id", 1], ["LIMIT", 1]]
  [1m[35mSQL (0.6ms)[0m  [1m[33mUPDATE "customers" SET "name" = $1, "email_id" = $2, "phone" = $3, "updated_at" = $4 WHERE "customers"."id" = $5[0m  [["name", "Navin1"], ["email_id", "navin@kre.com"], ["phone", 123456], ["updated_at", "2017-12-14 04:28:40.249548"], ["id", 1]]
  [1m[35m (15.5ms)[0m  [1m[35mCOMMIT[0m
  [1m[36mCustomer Load (0.6ms)[0m  [1m[34mSELECT  "customers".* FROM "customers" WHERE "customers"."id" = $1 LIMIT $2[0m  [["id", 1], ["LIMIT", 1]]
  [1m[35m (0.3ms)[0m  [1m[35mBEGIN[0m
  [1m[36mBranch Load (0.4ms)[0m  [1m[34mSELECT  "branches".* FROM "branches" WHERE "branches"."id" = $1 LIMIT $2[0m  [["id", 1], ["LIMIT", 1]]
  [1m[36mCustomer Exists (0.6ms)[0m  [1m[34mSELECT  1 AS one FROM "customers" WHERE "customers"."name" = $1 AND ("customers"."id" != $2) LIMIT $3[0m  [["name", "Navin1"], ["id", 1], ["LIMIT", 1]]
  [1m[35m (0.3ms)[0m  [1m[31mROLLBACK[0m
  [1m[36mCustomer Load (0.4ms)[0m  [1m[34mSELECT  "customers".* FROM "customers" WHERE "customers"."id" = $1 LIMIT $2[0m  [["id", 1], ["LIMIT", 1]]
  [1m[35m (0.3ms)[0m  [1m[35mBEGIN[0m
  [1m[36mBranch Load (0.3ms)[0m  [1m[34mSELECT  "branches".* FROM "branches" WHERE "branches"."id" = $1 LIMIT $2[0m  [["id", 1], ["LIMIT", 1]]
  [1m[36mCustomer Exists (0.6ms)[0m  [1m[34mSELECT  1 AS one FROM "customers" WHERE "customers"."name" = $1 AND ("customers"."id" != $2) LIMIT $3[0m  [["name", "Navin1"], ["id", 1], ["LIMIT", 1]]
  [1m[35m (0.3ms)[0m  [1m[31mROLLBACK[0m
  [1m[36mCustomer Load (0.7ms)[0m  [1m[34mSELECT  "customers".* FROM "customers" WHERE "customers"."id" = $1 LIMIT $2[0m  [["id", 1], ["LIMIT", 1]]
  [1m[36mCustomer Load (0.4ms)[0m  [1m[34mSELECT  "customers".* FROM "customers" WHERE "customers"."id" = $1 LIMIT $2[0m  [["id", 2], ["LIMIT", 1]]
  [1m[36mCustomer Load (0.6ms)[0m  [1m[34mSELECT  "customers".* FROM "customers" WHERE "customers"."id" = $1 LIMIT $2[0m  [["id", nil], ["LIMIT", 1]]
  [1m[36mCustomer Load (0.4ms)[0m  [1m[34mSELECT  "customers".* FROM "customers" WHERE "customers"."id" = $1 LIMIT $2[0m  [["id", nil], ["LIMIT", 1]]
  [1m[36mCustomer Load (0.5ms)[0m  [1m[34mSELECT "customers".* FROM "customers"[0m
  [1m[36mCustomer Load (0.5ms)[0m  [1m[34mSELECT  "customers".* FROM "customers" WHERE "customers"."id" = $1 LIMIT $2[0m  [["id", 1], ["LIMIT", 1]]
  [1m[35m (0.3ms)[0m  [1m[35mBEGIN[0m
  [1m[36mBranch Load (0.3ms)[0m  [1m[34mSELECT  "branches".* FROM "branches" WHERE "branches"."id" = $1 LIMIT $2[0m  [["id", 1], ["LIMIT", 1]]
  [1m[36mCustomer Exists (0.5ms)[0m  [1m[34mSELECT  1 AS one FROM "customers" WHERE "customers"."name" = $1 AND ("customers"."id" != $2) LIMIT $3[0m  [["name", "Navin1"], ["id", 1], ["LIMIT", 1]]
  [1m[35mSQL (0.5ms)[0m  [1m[33mUPDATE "customers" SET "phone" = $1, "updated_at" = $2 WHERE "customers"."id" = $3[0m  [["phone", 4565435], ["updated_at", "2017-12-14 04:35:19.334835"], ["id", 1]]
  [1m[35m (19.9ms)[0m  [1m[35mCOMMIT[0m
  [1m[36mCustomer Load (0.4ms)[0m  [1m[34mSELECT "customers".* FROM "customers"[0m
  [1m[36mCustomer Load (0.4ms)[0m  [1m[34mSELECT  "customers".* FROM "customers" WHERE "customers"."id" = $1 LIMIT $2[0m  [["id", 1], ["LIMIT", 1]]
  [1m[35m (0.2ms)[0m  [1m[35mBEGIN[0m
  [1m[36mBranch Load (0.4ms)[0m  [1m[34mSELECT  "branches".* FROM "branches" WHERE "branches"."id" = $1 LIMIT $2[0m  [["id", 1], ["LIMIT", 1]]
  [1m[36mCustomer Exists (0.5ms)[0m  [1m[34mSELECT  1 AS one FROM "customers" WHERE "customers"."name" = $1 AND ("customers"."id" != $2) LIMIT $3[0m  [["name", "Navin1"], ["id", 1], ["LIMIT", 1]]
  [1m[35m (0.3ms)[0m  [1m[35mCOMMIT[0m
  [1m[36mCustomer Load (0.5ms)[0m  [1m[34mSELECT "customers".* FROM "customers"[0m
  [1m[36mCustomer Load (0.5ms)[0m  [1m[34mSELECT  "customers".* FROM "customers" WHERE "customers"."id" = $1 LIMIT $2[0m  [["id", 1], ["LIMIT", 1]]
  [1m[35m (0.2ms)[0m  [1m[35mBEGIN[0m
  [1m[36mBranch Load (0.2ms)[0m  [1m[34mSELECT  "branches".* FROM "branches" WHERE "branches"."id" = $1 LIMIT $2[0m  [["id", 1], ["LIMIT", 1]]
  [1m[36mCustomer Exists (0.4ms)[0m  [1m[34mSELECT  1 AS one FROM "customers" WHERE "customers"."name" = $1 AND ("customers"."id" != $2) LIMIT $3[0m  [["name", "Navin11"], ["id", 1], ["LIMIT", 1]]
  [1m[35mSQL (0.3ms)[0m  [1m[33mUPDATE "customers" SET "name" = $1, "email_id" = $2, "phone" = $3, "updated_at" = $4 WHERE "customers"."id" = $5[0m  [["name", "Navin11"], ["email_id", "navin@kretio.com"], ["phone", 443646], ["updated_at", "2017-12-14 04:36:57.023147"], ["id", 1]]
  [1m[35m (16.9ms)[0m  [1m[35mCOMMIT[0m
  [1m[36mCustomer Load (0.4ms)[0m  [1m[34mSELECT  "customers".* FROM "customers" ORDER BY "customers"."id" DESC LIMIT $1[0m  [["LIMIT", 1]]
  [1m[36mCustomer Load (0.6ms)[0m  [1m[34mSELECT "customers".* FROM "customers"[0m
  [1m[36mCustomer Load (0.4ms)[0m  [1m[34mSELECT  "customers".* FROM "customers" WHERE "customers"."id" = $1 LIMIT $2[0m  [["id", 1], ["LIMIT", 1]]
  [1m[35m (0.3ms)[0m  [1m[35mBEGIN[0m
  [1m[36mBranch Load (0.3ms)[0m  [1m[34mSELECT  "branches".* FROM "branches" WHERE "branches"."id" = $1 LIMIT $2[0m  [["id", 1], ["LIMIT", 1]]
  [1m[36mCustomer Exists (0.6ms)[0m  [1m[34mSELECT  1 AS one FROM "customers" WHERE "customers"."name" = $1 AND ("customers"."id" != $2) LIMIT $3[0m  [["name", "Navin11"], ["id", 1], ["LIMIT", 1]]
  [1m[35m (0.2ms)[0m  [1m[31mROLLBACK[0m
  [1m[36mCustomer Load (0.8ms)[0m  [1m[34mSELECT "customers".* FROM "customers"[0m
  [1m[36mCustomer Load (0.4ms)[0m  [1m[34mSELECT  "customers".* FROM "customers" WHERE "customers"."id" = $1 LIMIT $2[0m  [["id", nil], ["LIMIT", 1]]
  [1m[36mCustomer Load (0.2ms)[0m  [1m[34mSELECT "customers".* FROM "customers"[0m
  [1m[36mCustomer Load (0.3ms)[0m  [1m[34mSELECT  "customers".* FROM "customers" WHERE "customers"."id" = $1 LIMIT $2[0m  [["id", nil], ["LIMIT", 1]]
  [1m[36mCustomer Load (0.6ms)[0m  [1m[34mSELECT "customers".* FROM "customers"[0m
  [1m[36mCustomer Load (0.4ms)[0m  [1m[34mSELECT  "customers".* FROM "customers" WHERE "customers"."id" = $1 LIMIT $2[0m  [["id", 1], ["LIMIT", 1]]
  [1m[35m (0.3ms)[0m  [1m[35mBEGIN[0m
  [1m[36mBranch Load (0.4ms)[0m  [1m[34mSELECT  "branches".* FROM "branches" WHERE "branches"."id" = $1 LIMIT $2[0m  [["id", 1], ["LIMIT", 1]]
  [1m[36mCustomer Exists (0.6ms)[0m  [1m[34mSELECT  1 AS one FROM "customers" WHERE "customers"."name" = $1 AND ("customers"."id" != $2) LIMIT $3[0m  [["name", "Navin111"], ["id", 1], ["LIMIT", 1]]
  [1m[35mSQL (0.6ms)[0m  [1m[33mUPDATE "customers" SET "name" = $1, "email_id" = $2, "phone" = $3, "updated_at" = $4 WHERE "customers"."id" = $5[0m  [["name", "Navin111"], ["email_id", "navin@kretio1.com"], ["phone", 4656464], ["updated_at", "2017-12-14 04:40:54.896105"], ["id", 1]]
  [1m[35m (12.8ms)[0m  [1m[35mCOMMIT[0m
  [1m[36mCustomer Load (0.6ms)[0m  [1m[34mSELECT "customers".* FROM "customers"[0m
  [1m[36mCustomer Load (0.3ms)[0m  [1m[34mSELECT  "customers".* FROM "customers" WHERE "customers"."id" = $1 LIMIT $2[0m  [["id", 1], ["LIMIT", 1]]
  [1m[35m (0.2ms)[0m  [1m[35mBEGIN[0m
  [1m[36mBranch Load (0.3ms)[0m  [1m[34mSELECT  "branches".* FROM "branches" WHERE "branches"."id" = $1 LIMIT $2[0m  [["id", 1], ["LIMIT", 1]]
  [1m[36mCustomer Exists (0.8ms)[0m  [1m[34mSELECT  1 AS one FROM "customers" WHERE "customers"."name" = $1 AND ("customers"."id" != $2) LIMIT $3[0m  [["name", ""], ["id", 1], ["LIMIT", 1]]
  [1m[35m (0.3ms)[0m  [1m[31mROLLBACK[0m
  [1m[36mCustomer Load (0.4ms)[0m  [1m[34mSELECT "customers".* FROM "customers"[0m
  [1m[36mCustomer Load (0.3ms)[0m  [1m[34mSELECT  "customers".* FROM "customers" WHERE "customers"."id" = $1 LIMIT $2[0m  [["id", 1], ["LIMIT", 1]]
  [1m[35m (0.2ms)[0m  [1m[35mBEGIN[0m
  [1m[36mBranch Load (0.4ms)[0m  [1m[34mSELECT  "branches".* FROM "branches" WHERE "branches"."id" = $1 LIMIT $2[0m  [["id", 1], ["LIMIT", 1]]
  [1m[36mCustomer Exists (0.6ms)[0m  [1m[34mSELECT  1 AS one FROM "customers" WHERE "customers"."name" = $1 AND ("customers"."id" != $2) LIMIT $3[0m  [["name", ""], ["id", 1], ["LIMIT", 1]]
  [1m[35m (0.2ms)[0m  [1m[31mROLLBACK[0m
  [1m[36mCustomer Load (0.5ms)[0m  [1m[34mSELECT "customers".* FROM "customers"[0m
  [1m[36mCustomer Load (0.5ms)[0m  [1m[34mSELECT  "customers".* FROM "customers" WHERE "customers"."id" = $1 LIMIT $2[0m  [["id", 1], ["LIMIT", 1]]
  [1m[35m (0.3ms)[0m  [1m[35mBEGIN[0m
  [1m[36mBranch Load (0.4ms)[0m  [1m[34mSELECT  "branches".* FROM "branches" WHERE "branches"."id" = $1 LIMIT $2[0m  [["id", 1], ["LIMIT", 1]]
  [1m[36mCustomer Exists (0.6ms)[0m  [1m[34mSELECT  1 AS one FROM "customers" WHERE "customers"."name" = $1 AND ("customers"."id" != $2) LIMIT $3[0m  [["name", ""], ["id", 1], ["LIMIT", 1]]
  [1m[35m (0.3ms)[0m  [1m[31mROLLBACK[0m
  [1m[36mCustomer Load (0.4ms)[0m  [1m[34mSELECT "customers".* FROM "customers"[0m
  [1m[36mCustomer Load (0.4ms)[0m  [1m[34mSELECT  "customers".* FROM "customers" WHERE "customers"."id" = $1 LIMIT $2[0m  [["id", 1], ["LIMIT", 1]]
  [1m[36mCustomer Load (0.5ms)[0m  [1m[34mSELECT "customers".* FROM "customers"[0m
  [1m[36mCustomer Load (0.5ms)[0m  [1m[34mSELECT  "customers".* FROM "customers" WHERE "customers"."id" = $1 LIMIT $2[0m  [["id", 1], ["LIMIT", 1]]
  [1m[35m (0.3ms)[0m  [1m[35mBEGIN[0m
  [1m[36mBranch Load (0.4ms)[0m  [1m[34mSELECT  "branches".* FROM "branches" WHERE "branches"."id" = $1 LIMIT $2[0m  [["id", 1], ["LIMIT", 1]]
  [1m[36mCustomer Exists (0.6ms)[0m  [1m[34mSELECT  1 AS one FROM "customers" WHERE "customers"."name" = $1 AND ("customers"."id" != $2) LIMIT $3[0m  [["name", ""], ["id", 1], ["LIMIT", 1]]
  [1m[35m (0.3ms)[0m  [1m[31mROLLBACK[0m
  [1m[36mCustomer Load (0.4ms)[0m  [1m[34mSELECT  "customers".* FROM "customers" ORDER BY "customers"."id" DESC LIMIT $1[0m  [["LIMIT", 1]]
  [1m[36mCustomer Load (0.3ms)[0m  [1m[34mSELECT  "customers".* FROM "customers" ORDER BY "customers"."id" DESC LIMIT $1[0m  [["LIMIT", 1]]
  [1m[36mCustomer Load (0.4ms)[0m  [1m[34mSELECT  "customers".* FROM "customers" ORDER BY "customers"."id" DESC LIMIT $1[0m  [["LIMIT", 1]]
  [1m[36mCustomer Load (0.4ms)[0m  [1m[34mSELECT  "customers".* FROM "customers" ORDER BY "customers"."id" DESC LIMIT $1[0m  [["LIMIT", 1]]
  [1m[36mCustomer Load (0.4ms)[0m  [1m[34mSELECT  "customers".* FROM "customers" ORDER BY "customers"."id" DESC LIMIT $1[0m  [["LIMIT", 1]]
  [1m[36mCustomer Load (0.4ms)[0m  [1m[34mSELECT  "customers".* FROM "customers" ORDER BY "customers"."id" DESC LIMIT $1[0m  [["LIMIT", 1]]
  [1m[36mCustomer Load (0.6ms)[0m  [1m[34mSELECT  "customers".* FROM "customers" WHERE "customers"."id" = $1 LIMIT $2[0m  [["id", 1], ["LIMIT", 1]]
  [1m[36mCustomer Load (0.4ms)[0m  [1m[34mSELECT  "customers".* FROM "customers" ORDER BY "customers"."id" DESC LIMIT $1[0m  [["LIMIT", 1]]
  [1m[36mCustomer Load (0.5ms)[0m  [1m[34mSELECT  "customers".* FROM "customers" WHERE "customers"."id" = $1 LIMIT $2[0m  [["id", 1], ["LIMIT", 1]]
  [1m[36mCustomer Load (0.4ms)[0m  [1m[34mSELECT  "customers".* FROM "customers" ORDER BY "customers"."id" DESC LIMIT $1[0m  [["LIMIT", 1]]
  [1m[36mCustomer Load (0.5ms)[0m  [1m[34mSELECT  "customers".* FROM "customers" WHERE "customers"."id" = $1 LIMIT $2[0m  [["id", 1], ["LIMIT", 1]]
  [1m[36mCustomer Load (0.5ms)[0m  [1m[34mSELECT  "customers".* FROM "customers" ORDER BY "customers"."id" DESC LIMIT $1[0m  [["LIMIT", 1]]
  [1m[36mCustomer Load (0.5ms)[0m  [1m[34mSELECT  "customers".* FROM "customers" WHERE "customers"."id" = $1 LIMIT $2[0m  [["id", 1], ["LIMIT", 1]]
  [1m[36mCustomer Load (0.4ms)[0m  [1m[34mSELECT  "customers".* FROM "customers" ORDER BY "customers"."id" DESC LIMIT $1[0m  [["LIMIT", 1]]
  [1m[36mCustomer Load (0.5ms)[0m  [1m[34mSELECT  "customers".* FROM "customers" WHERE "customers"."id" = $1 LIMIT $2[0m  [["id", 1], ["LIMIT", 1]]
  [1m[36mCustomer Load (0.4ms)[0m  [1m[34mSELECT  "customers".* FROM "customers" ORDER BY "customers"."id" DESC LIMIT $1[0m  [["LIMIT", 1]]
  [1m[36mCustomer Load (0.6ms)[0m  [1m[34mSELECT  "customers".* FROM "customers" WHERE "customers"."id" = $1 LIMIT $2[0m  [["id", 1], ["LIMIT", 1]]
  [1m[36mCustomer Load (0.4ms)[0m  [1m[34mSELECT  "customers".* FROM "customers" ORDER BY "customers"."id" DESC LIMIT $1[0m  [["LIMIT", 1]]
  [1m[36mCustomer Load (0.4ms)[0m  [1m[34mSELECT  "customers".* FROM "customers" ORDER BY "customers"."id" DESC LIMIT $1[0m  [["LIMIT", 1]]
  [1m[36mCustomer Load (0.6ms)[0m  [1m[34mSELECT "customers".* FROM "customers"[0m
  [1m[36mCustomer Load (0.4ms)[0m  [1m[34mSELECT  "customers".* FROM "customers" WHERE "customers"."id" = $1 LIMIT $2[0m  [["id", 1], ["LIMIT", 1]]
  [1m[35m (0.3ms)[0m  [1m[35mBEGIN[0m
  [1m[36mBranch Load (0.4ms)[0m  [1m[34mSELECT  "branches".* FROM "branches" WHERE "branches"."id" = $1 LIMIT $2[0m  [["id", 1], ["LIMIT", 1]]
  [1m[36mCustomer Exists (0.6ms)[0m  [1m[34mSELECT  1 AS one FROM "customers" WHERE "customers"."name" = $1 AND ("customers"."id" != $2) LIMIT $3[0m  [["name", "Nav"], ["id", 1], ["LIMIT", 1]]
  [1m[35mSQL (0.7ms)[0m  [1m[33mUPDATE "customers" SET "name" = $1, "email_id" = $2, "phone" = $3, "updated_at" = $4 WHERE "customers"."id" = $5[0m  [["name", "Nav"], ["email_id", "navin@kretio111.com"], ["phone", 465646], ["updated_at", "2017-12-14 05:00:54.812105"], ["id", 1]]
  [1m[35m (20.9ms)[0m  [1m[35mCOMMIT[0m
  [1m[36mCustomer Load (0.4ms)[0m  [1m[34mSELECT  "customers".* FROM "customers" ORDER BY "customers"."id" DESC LIMIT $1[0m  [["LIMIT", 1]]
  [1m[36mCustomer Load (0.4ms)[0m  [1m[34mSELECT  "customers".* FROM "customers" ORDER BY "customers"."id" DESC LIMIT $1[0m  [["LIMIT", 1]]
  [1m[36mCustomer Load (0.4ms)[0m  [1m[34mSELECT  "customers".* FROM "customers" ORDER BY "customers"."id" DESC LIMIT $1[0m  [["LIMIT", 1]]
  [1m[36mCustomer Load (0.4ms)[0m  [1m[34mSELECT  "customers".* FROM "customers" ORDER BY "customers"."id" DESC LIMIT $1[0m  [["LIMIT", 1]]
  [1m[36mCustomer Load (0.4ms)[0m  [1m[34mSELECT  "customers".* FROM "customers" ORDER BY "customers"."id" DESC LIMIT $1[0m  [["LIMIT", 1]]
  [1m[36mCustomer Load (0.5ms)[0m  [1m[34mSELECT  "customers".* FROM "customers" WHERE "customers"."id" = $1 LIMIT $2[0m  [["id", 1], ["LIMIT", 1]]
  [1m[36mCustomer Load (0.6ms)[0m  [1m[34mSELECT  "customers".* FROM "customers" ORDER BY "customers"."id" DESC LIMIT $1[0m  [["LIMIT", 1]]
  [1m[36mCustomer Load (0.4ms)[0m  [1m[34mSELECT  "customers".* FROM "customers" ORDER BY "customers"."id" DESC LIMIT $1[0m  [["LIMIT", 1]]
  [1m[36mCustomer Load (0.3ms)[0m  [1m[34mSELECT  "customers".* FROM "customers" WHERE "customers"."id" = $1 LIMIT $2[0m  [["id", 1], ["LIMIT", 1]]
  [1m[35m (0.2ms)[0m  [1m[35mBEGIN[0m
  [1m[36mBranch Load (0.2ms)[0m  [1m[34mSELECT  "branches".* FROM "branches" WHERE "branches"."id" = $1 LIMIT $2[0m  [["id", 1], ["LIMIT", 1]]
  [1m[36mCustomer Exists (0.4ms)[0m  [1m[34mSELECT  1 AS one FROM "customers" WHERE "customers"."name" = $1 AND ("customers"."id" != $2) LIMIT $3[0m  [["name", "Nav"], ["id", 1], ["LIMIT", 1]]
  [1m[35mSQL (0.4ms)[0m  [1m[33mUPDATE "customers" SET "status" = $1, "updated_at" = $2 WHERE "customers"."id" = $3[0m  [["status", "f"], ["updated_at", "2017-12-14 05:05:22.124075"], ["id", 1]]
  [1m[35m (16.7ms)[0m  [1m[35mCOMMIT[0m
  [1m[36mCustomer Load (0.4ms)[0m  [1m[34mSELECT  "customers".* FROM "customers" ORDER BY "customers"."id" DESC LIMIT $1[0m  [["LIMIT", 1]]
  [1m[36mCustomer Load (0.6ms)[0m  [1m[34mSELECT  "customers".* FROM "customers" ORDER BY "customers"."id" DESC LIMIT $1[0m  [["LIMIT", 1]]
  [1m[36mCustomer Load (0.4ms)[0m  [1m[34mSELECT  "customers".* FROM "customers" ORDER BY "customers"."id" DESC LIMIT $1[0m  [["LIMIT", 1]]
  [1m[36mCustomer Load (0.4ms)[0m  [1m[34mSELECT  "customers".* FROM "customers" ORDER BY "customers"."id" DESC LIMIT $1[0m  [["LIMIT", 1]]
  [1m[36mCustomer Load (0.6ms)[0m  [1m[34mSELECT  "customers".* FROM "customers" WHERE "customers"."id" = $1 LIMIT $2[0m  [["id", 1], ["LIMIT", 1]]
  [1m[36mCustomer Load (0.4ms)[0m  [1m[34mSELECT  "customers".* FROM "customers" WHERE "customers"."id" = $1 LIMIT $2[0m  [["id", 1], ["LIMIT", 1]]
  [1m[36mCustomer Load (0.4ms)[0m  [1m[34mSELECT  "customers".* FROM "customers" ORDER BY "customers"."id" DESC LIMIT $1[0m  [["LIMIT", 1]]
  [1m[36mCustomer Load (0.5ms)[0m  [1m[34mSELECT  "customers".* FROM "customers" WHERE "customers"."id" = $1 LIMIT $2[0m  [["id", nil], ["LIMIT", 1]]
  [1m[36mCustomer Load (0.6ms)[0m  [1m[34mSELECT  "customers".* FROM "customers" ORDER BY "customers"."id" DESC LIMIT $1[0m  [["LIMIT", 1]]
  [1m[35m (0.3ms)[0m  [1m[35mBEGIN[0m
  [1m[36mBranch Load (0.4ms)[0m  [1m[34mSELECT  "branches".* FROM "branches" WHERE "branches"."id" = $1 LIMIT $2[0m  [["id", 1], ["LIMIT", 1]]
  [1m[36mCustomer Exists (0.7ms)[0m  [1m[34mSELECT  1 AS one FROM "customers" WHERE "customers"."name" = $1 AND ("customers"."id" != $2) LIMIT $3[0m  [["name", "Nav"], ["id", 1], ["LIMIT", 1]]
  [1m[35mSQL (0.6ms)[0m  [1m[33mUPDATE "customers" SET "updated_at" = $1, "status" = $2 WHERE "customers"."id" = $3[0m  [["updated_at", "2017-12-14 05:09:45.005438"], ["status", "t"], ["id", 1]]
  [1m[35m (20.5ms)[0m  [1m[35mCOMMIT[0m
  [1m[36mCustomer Load (0.6ms)[0m  [1m[34mSELECT  "customers".* FROM "customers" ORDER BY "customers"."id" DESC LIMIT $1[0m  [["LIMIT", 1]]
  [1m[36mCustomer Load (0.4ms)[0m  [1m[34mSELECT  "customers".* FROM "customers" ORDER BY "customers"."id" DESC LIMIT $1[0m  [["LIMIT", 1]]
  [1m[36mCustomer Load (0.9ms)[0m  [1m[34mSELECT  "customers".* FROM "customers" WHERE "customers"."id" = $1 LIMIT $2[0m  [["id", 1], ["LIMIT", 1]]
  [1m[35m (0.3ms)[0m  [1m[35mBEGIN[0m
  [1m[36mBranch Load (0.4ms)[0m  [1m[34mSELECT  "branches".* FROM "branches" WHERE "branches"."id" = $1 LIMIT $2[0m  [["id", 1], ["LIMIT", 1]]
  [1m[36mCustomer Exists (0.6ms)[0m  [1m[34mSELECT  1 AS one FROM "customers" WHERE "customers"."name" = $1 AND ("customers"."id" != $2) LIMIT $3[0m  [["name", "Nav"], ["id", 1], ["LIMIT", 1]]
  [1m[35mSQL (0.6ms)[0m  [1m[33mUPDATE "customers" SET "status" = $1, "updated_at" = $2 WHERE "customers"."id" = $3[0m  [["status", "f"], ["updated_at", "2017-12-14 05:10:22.753617"], ["id", 1]]
  [1m[35m (17.5ms)[0m  [1m[35mCOMMIT[0m
  [1m[36mCustomer Load (0.5ms)[0m  [1m[34mSELECT  "customers".* FROM "customers" ORDER BY "customers"."id" DESC LIMIT $1[0m  [["LIMIT", 1]]
  [1m[35m (0.3ms)[0m  [1m[35mBEGIN[0m
  [1m[36mBranch Load (0.4ms)[0m  [1m[34mSELECT  "branches".* FROM "branches" WHERE "branches"."id" = $1 LIMIT $2[0m  [["id", 1], ["LIMIT", 1]]
  [1m[36mCustomer Exists (0.7ms)[0m  [1m[34mSELECT  1 AS one FROM "customers" WHERE "customers"."name" = $1 AND ("customers"."id" != $2) LIMIT $3[0m  [["name", "Nav"], ["id", 1], ["LIMIT", 1]]
  [1m[35m (0.4ms)[0m  [1m[35mCOMMIT[0m
  [1m[36mCustomer Load (0.4ms)[0m  [1m[34mSELECT  "customers".* FROM "customers" ORDER BY "customers"."id" DESC LIMIT $1[0m  [["LIMIT", 1]]
  [1m[36mCustomer Load (0.5ms)[0m  [1m[34mSELECT  "customers".* FROM "customers" WHERE "customers"."id" = $1 LIMIT $2[0m  [["id", 1], ["LIMIT", 1]]
  [1m[36mCustomer Load (0.4ms)[0m  [1m[34mSELECT  "customers".* FROM "customers" ORDER BY "customers"."id" DESC LIMIT $1[0m  [["LIMIT", 1]]
  [1m[36mCustomer Load (0.5ms)[0m  [1m[34mSELECT  "customers".* FROM "customers" ORDER BY "customers"."id" DESC LIMIT $1[0m  [["LIMIT", 1]]
  [1m[35m (0.3ms)[0m  [1m[35mBEGIN[0m
  [1m[36mBranch Load (0.3ms)[0m  [1m[34mSELECT  "branches".* FROM "branches" WHERE "branches"."id" = $1 LIMIT $2[0m  [["id", 1], ["LIMIT", 1]]
  [1m[36mCustomer Exists (0.5ms)[0m  [1m[34mSELECT  1 AS one FROM "customers" WHERE "customers"."name" = $1 AND ("customers"."id" != $2) LIMIT $3[0m  [["name", "Nav"], ["id", 1], ["LIMIT", 1]]
  [1m[35mSQL (0.5ms)[0m  [1m[33mUPDATE "customers" SET "updated_at" = $1, "status" = $2 WHERE "customers"."id" = $3[0m  [["updated_at", "2017-12-14 05:13:05.339912"], ["status", "t"], ["id", 1]]
  [1m[35m (17.7ms)[0m  [1m[35mCOMMIT[0m
  [1m[36mCustomer Load (0.4ms)[0m  [1m[34mSELECT  "customers".* FROM "customers" ORDER BY "customers"."id" DESC LIMIT $1[0m  [["LIMIT", 1]]
  [1m[36mCustomer Load (0.5ms)[0m  [1m[34mSELECT  "customers".* FROM "customers" ORDER BY "customers"."id" DESC LIMIT $1[0m  [["LIMIT", 1]]
  [1m[36mCustomer Load (0.3ms)[0m  [1m[34mSELECT  "customers".* FROM "customers" ORDER BY "customers"."id" DESC LIMIT $1[0m  [["LIMIT", 1]]
  [1m[36mCustomer Load (0.4ms)[0m  [1m[34mSELECT  "customers".* FROM "customers" ORDER BY "customers"."id" DESC LIMIT $1[0m  [["LIMIT", 1]]
  [1m[36mCustomer Load (0.4ms)[0m  [1m[34mSELECT  "customers".* FROM "customers" ORDER BY "customers"."id" DESC LIMIT $1[0m  [["LIMIT", 1]]
  [1m[36mCustomer Load (0.5ms)[0m  [1m[34mSELECT  "customers".* FROM "customers" ORDER BY "customers"."id" DESC LIMIT $1[0m  [["LIMIT", 1]]
  [1m[36mCustomer Load (0.5ms)[0m  [1m[34mSELECT  "customers".* FROM "customers" ORDER BY "customers"."id" DESC LIMIT $1[0m  [["LIMIT", 1]]
  [1m[36mCustomer Load (0.5ms)[0m  [1m[34mSELECT  "customers".* FROM "customers" WHERE "customers"."id" = $1 LIMIT $2[0m  [["id", 1], ["LIMIT", 1]]
  [1m[35m (0.3ms)[0m  [1m[35mBEGIN[0m
  [1m[36mCustomer Load (0.3ms)[0m  [1m[34mSELECT  "customers".* FROM "customers" WHERE "customers"."id" = $1 LIMIT $2[0m  [["id", 1], ["LIMIT", 1]]
  [1m[35mSQL (13.0ms)[0m  [1m[32mINSERT INTO "accounts" ("balance", "customer_id", "status", "created_at", "updated_at") VALUES ($1, $2, $3, $4, $5) RETURNING "id"[0m  [["balance", 5000.0], ["customer_id", 1], ["status", "t"], ["created_at", "2017-12-14 05:26:18.283489"], ["updated_at", "2017-12-14 05:26:18.283489"]]
  [1m[35m (17.5ms)[0m  [1m[35mCOMMIT[0m
  [1m[35m (0.2ms)[0m  [1m[35mBEGIN[0m
  [1m[36mAccount Load (0.4ms)[0m  [1m[34mSELECT  "accounts".* FROM "accounts" WHERE "accounts"."id" = $1 LIMIT $2[0m  [["id", 1], ["LIMIT", 1]]
  [1m[35mSQL (1.0ms)[0m  [1m[32mINSERT INTO "account_transactions" ("to_account", "from_account", "amount", "account_id", "created_at", "updated_at") VALUES ($1, $2, $3, $4, $5, $6) RETURNING "id"[0m  [["to_account", 1], ["from_account", 1], ["amount", 5000.0], ["account_id", 1], ["created_at", "2017-12-14 05:26:18.336714"], ["updated_at", "2017-12-14 05:26:18.336714"]]
  [1m[35m (18.2ms)[0m  [1m[35mCOMMIT[0m
  [1m[36mCustomer Load (0.4ms)[0m  [1m[34mSELECT  "customers".* FROM "customers" ORDER BY "customers"."id" DESC LIMIT $1[0m  [["LIMIT", 1]]
  [1m[36mCustomer Load (0.5ms)[0m  [1m[34mSELECT  "customers".* FROM "customers" WHERE "customers"."id" = $1 LIMIT $2[0m  [["id", 1], ["LIMIT", 1]]
  [1m[35m (0.3ms)[0m  [1m[35mBEGIN[0m
  [1m[36mCustomer Load (0.4ms)[0m  [1m[34mSELECT  "customers".* FROM "customers" WHERE "customers"."id" = $1 LIMIT $2[0m  [["id", 1], ["LIMIT", 1]]
  [1m[35mSQL (0.7ms)[0m  [1m[32mINSERT INTO "accounts" ("balance", "customer_id", "status", "created_at", "updated_at") VALUES ($1, $2, $3, $4, $5) RETURNING "id"[0m  [["balance", 1000.0], ["customer_id", 1], ["status", "t"], ["created_at", "2017-12-14 05:26:51.287350"], ["updated_at", "2017-12-14 05:26:51.287350"]]
  [1m[35m (43.1ms)[0m  [1m[35mCOMMIT[0m
  [1m[35m (0.3ms)[0m  [1m[35mBEGIN[0m
  [1m[36mAccount Load (0.5ms)[0m  [1m[34mSELECT  "accounts".* FROM "accounts" WHERE "accounts"."id" = $1 LIMIT $2[0m  [["id", 2], ["LIMIT", 1]]
  [1m[35mSQL (0.7ms)[0m  [1m[32mINSERT INTO "account_transactions" ("to_account", "from_account", "amount", "account_id", "created_at", "updated_at") VALUES ($1, $2, $3, $4, $5, $6) RETURNING "id"[0m  [["to_account", 2], ["from_account", 2], ["amount", 1000.0], ["account_id", 2], ["created_at", "2017-12-14 05:26:51.353468"], ["updated_at", "2017-12-14 05:26:51.353468"]]
  [1m[35m (18.7ms)[0m  [1m[35mCOMMIT[0m
  [1m[36mAccountTransaction Load (0.6ms)[0m  [1m[34mSELECT  "account_transactions".* FROM "account_transactions" ORDER BY "account_transactions"."id" DESC LIMIT $1[0m  [["LIMIT", 1]]
  [1m[35mSQL (21.0ms)[0m  [1m[31mDELETE FROM "account_transactions" WHERE "account_transactions"."id" = $1[0m  [["id", 2]]
  [1m[36mAccount Load (0.4ms)[0m  [1m[34mSELECT  "accounts".* FROM "accounts" ORDER BY "accounts"."id" DESC LIMIT $1[0m  [["LIMIT", 1]]
  [1m[35mSQL (15.0ms)[0m  [1m[31mDELETE FROM "accounts" WHERE "accounts"."id" = $1[0m  [["id", 2]]
  [1m[36mCustomer Load (0.5ms)[0m  [1m[34mSELECT  "customers".* FROM "customers" ORDER BY "customers"."id" DESC LIMIT $1[0m  [["LIMIT", 1]]
  [1m[36mCustomer Load (0.5ms)[0m  [1m[34mSELECT  "customers".* FROM "customers" WHERE "customers"."id" = $1 LIMIT $2[0m  [["id", nil], ["LIMIT", 1]]
  [1m[36mCustomer Load (0.5ms)[0m  [1m[34mSELECT  "customers".* FROM "customers" WHERE "customers"."id" = $1 LIMIT $2[0m  [["id", nil], ["LIMIT", 1]]
  [1m[36mCustomer Load (0.4ms)[0m  [1m[34mSELECT  "customers".* FROM "customers" WHERE "customers"."id" = $1 LIMIT $2[0m  [["id", 4], ["LIMIT", 1]]
  [1m[36mCustomer Load (0.6ms)[0m  [1m[34mSELECT  "customers".* FROM "customers" WHERE "customers"."id" = $1 LIMIT $2[0m  [["id", 1], ["LIMIT", 1]]
  [1m[35m (0.3ms)[0m  [1m[35mBEGIN[0m
  [1m[36mCustomer Load (0.6ms)[0m  [1m[34mSELECT  "customers".* FROM "customers" WHERE "customers"."id" = $1 LIMIT $2[0m  [["id", 1], ["LIMIT", 1]]
  [1m[35mSQL (0.8ms)[0m  [1m[32mINSERT INTO "accounts" ("balance", "customer_id", "status", "created_at", "updated_at") VALUES ($1, $2, $3, $4, $5) RETURNING "id"[0m  [["balance", 5000.0], ["customer_id", 1], ["status", "t"], ["created_at", "2017-12-14 05:30:00.676272"], ["updated_at", "2017-12-14 05:30:00.676272"]]
  [1m[35m (21.3ms)[0m  [1m[35mCOMMIT[0m
  [1m[35m (0.4ms)[0m  [1m[35mBEGIN[0m
  [1m[36mAccount Load (0.5ms)[0m  [1m[34mSELECT  "accounts".* FROM "accounts" WHERE "accounts"."id" = $1 LIMIT $2[0m  [["id", 3], ["LIMIT", 1]]
  [1m[35mSQL (0.7ms)[0m  [1m[32mINSERT INTO "account_transactions" ("to_account", "from_account", "amount", "account_id", "created_at", "updated_at") VALUES ($1, $2, $3, $4, $5, $6) RETURNING "id"[0m  [["to_account", 3], ["from_account", 3], ["amount", 5000.0], ["account_id", 3], ["created_at", "2017-12-14 05:30:00.722473"], ["updated_at", "2017-12-14 05:30:00.722473"]]
  [1m[35m (17.8ms)[0m  [1m[35mCOMMIT[0m
  [1m[35m (0.4ms)[0m  [1m[35mBEGIN[0m
  [1m[36mBranch Load (0.4ms)[0m  [1m[34mSELECT  "branches".* FROM "branches" WHERE "branches"."id" = $1 LIMIT $2[0m  [["id", 1], ["LIMIT", 1]]
  [1m[36mCustomer Exists (0.7ms)[0m  [1m[34mSELECT  1 AS one FROM "customers" WHERE "customers"."name" = $1 LIMIT $2[0m  [["name", "Saawan"], ["LIMIT", 1]]
  [1m[35mSQL (0.8ms)[0m  [1m[32mINSERT INTO "customers" ("name", "email_id", "phone", "branch_id", "created_at", "updated_at", "status") VALUES ($1, $2, $3, $4, $5, $6, $7) RETURNING "id"[0m  [["name", "Saawan"], ["email_id", "saawan@kretio.com"], ["phone", 465646456], ["branch_id", 1], ["created_at", "2017-12-14 05:35:25.399128"], ["updated_at", "2017-12-14 05:35:25.399128"], ["status", "t"]]
  [1m[35m (23.3ms)[0m  [1m[35mCOMMIT[0m
  [1m[36mCustomer Load (0.5ms)[0m  [1m[34mSELECT  "customers".* FROM "customers" WHERE "customers"."id" = $1 LIMIT $2[0m  [["id", 2], ["LIMIT", 1]]
  [1m[35m (0.2ms)[0m  [1m[35mBEGIN[0m
  [1m[36mCustomer Load (0.5ms)[0m  [1m[34mSELECT  "customers".* FROM "customers" WHERE "customers"."id" = $1 LIMIT $2[0m  [["id", 2], ["LIMIT", 1]]
  [1m[35mSQL (1.0ms)[0m  [1m[32mINSERT INTO "accounts" ("balance", "customer_id", "status", "created_at", "updated_at") VALUES ($1, $2, $3, $4, $5) RETURNING "id"[0m  [["balance", 10000.0], ["customer_id", 2], ["status", "t"], ["created_at", "2017-12-14 05:35:41.007723"], ["updated_at", "2017-12-14 05:35:41.007723"]]
  [1m[35m (14.7ms)[0m  [1m[35mCOMMIT[0m
  [1m[35m (0.3ms)[0m  [1m[35mBEGIN[0m
  [1m[36mAccount Load (0.5ms)[0m  [1m[34mSELECT  "accounts".* FROM "accounts" WHERE "accounts"."id" = $1 LIMIT $2[0m  [["id", 4], ["LIMIT", 1]]
  [1m[35mSQL (0.8ms)[0m  [1m[32mINSERT INTO "account_transactions" ("to_account", "from_account", "amount", "account_id", "created_at", "updated_at") VALUES ($1, $2, $3, $4, $5, $6) RETURNING "id"[0m  [["to_account", 4], ["from_account", 4], ["amount", 10000.0], ["account_id", 4], ["created_at", "2017-12-14 05:35:41.029174"], ["updated_at", "2017-12-14 05:35:41.029174"]]
  [1m[35m (10.9ms)[0m  [1m[35mCOMMIT[0m
  [1m[36mAccount Load (0.3ms)[0m  [1m[34mSELECT  "accounts".* FROM "accounts" ORDER BY "accounts"."id" ASC LIMIT $1[0m  [["LIMIT", 1]]
  [1m[36mAccount Load (0.6ms)[0m  [1m[34mSELECT  "accounts".* FROM "accounts" ORDER BY "accounts"."id" ASC LIMIT $1[0m  [["LIMIT", 1]]
  [1m[36mAccount Load (0.4ms)[0m  [1m[34mSELECT  "accounts".* FROM "accounts" ORDER BY "accounts"."id" ASC LIMIT $1[0m  [["LIMIT", 1]]
  [1m[36mAccount Load (0.4ms)[0m  [1m[34mSELECT  "accounts".* FROM "accounts" ORDER BY "accounts"."id" ASC LIMIT $1[0m  [["LIMIT", 1]]
  [1m[36mAccount Load (0.4ms)[0m  [1m[34mSELECT  "accounts".* FROM "accounts" ORDER BY "accounts"."id" ASC LIMIT $1[0m  [["LIMIT", 1]]
  [1m[36mAccount Load (54.7ms)[0m  [1m[34mSELECT  "accounts".* FROM "accounts" ORDER BY "accounts"."id" ASC LIMIT $1[0m  [["LIMIT", 1]]
  [1m[36mAccount Load (48.5ms)[0m  [1m[34mSELECT  "accounts".* FROM "accounts" ORDER BY "accounts"."id" ASC LIMIT $1[0m  [["LIMIT", 1]]
  [1m[36mAccount Load (0.4ms)[0m  [1m[34mSELECT  "accounts".* FROM "accounts" ORDER BY "accounts"."id" ASC LIMIT $1[0m  [["LIMIT", 1]]
  [1m[36mAccount Load (0.4ms)[0m  [1m[34mSELECT  "accounts".* FROM "accounts" WHERE "accounts"."id" = $1 LIMIT $2[0m  [["id", 2], ["LIMIT", 1]]
  [1m[36mAccount Load (0.8ms)[0m  [1m[34mSELECT "accounts".* FROM "accounts"[0m
  [1m[36mAccount Load (0.5ms)[0m  [1m[34mSELECT  "accounts".* FROM "accounts" WHERE "accounts"."id" = $1 LIMIT $2[0m  [["id", 4], ["LIMIT", 1]]
  [1m[35m (0.2ms)[0m  [1m[35mBEGIN[0m
  [1m[35mSQL (0.8ms)[0m  [1m[33mUPDATE "accounts" SET "balance" = $1, "updated_at" = $2 WHERE "accounts"."id" = $3[0m  [["balance", 5100.0], ["updated_at", "2017-12-14 06:59:34.912764"], ["id", 4]]
  [1m[35m (16.8ms)[0m  [1m[35mCOMMIT[0m
  [1m[35m (0.3ms)[0m  [1m[35mBEGIN[0m
  [1m[35mSQL (0.8ms)[0m  [1m[33mUPDATE "accounts" SET "balance" = $1, "updated_at" = $2 WHERE "accounts"."id" = $3[0m  [["balance", 4900.0], ["updated_at", "2017-12-14 06:59:34.935157"], ["id", 1]]
  [1m[35m (3.3ms)[0m  [1m[35mCOMMIT[0m
  [1m[36mAccount Load (0.4ms)[0m  [1m[34mSELECT  "accounts".* FROM "accounts" ORDER BY "accounts"."id" ASC LIMIT $1[0m  [["LIMIT", 1]]
  [1m[36mAccount Load (0.6ms)[0m  [1m[34mSELECT  "accounts".* FROM "accounts" WHERE "accounts"."id" = $1 LIMIT $2[0m  [["id", 4], ["LIMIT", 1]]
  [1m[35m (0.2ms)[0m  [1m[35mBEGIN[0m
  [1m[36mAccount Load (0.4ms)[0m  [1m[34mSELECT  "accounts".* FROM "accounts" WHERE "accounts"."id" = $1 LIMIT $2[0m  [["id", 4], ["LIMIT", 1]]
  [1m[35mSQL (185.3ms)[0m  [1m[32mINSERT INTO "account_transactions" ("to_account", "amount", "account_id", "created_at", "updated_at") VALUES ($1, $2, $3, $4, $5) RETURNING "id"[0m  [["to_account", 4], ["amount", 100.0], ["account_id", 4], ["created_at", "2017-12-14 07:02:09.086812"], ["updated_at", "2017-12-14 07:02:09.086812"]]
  [1m[35m (447.4ms)[0m  [1m[35mCOMMIT[0m
  [1m[35m (0.2ms)[0m  [1m[35mBEGIN[0m
  [1m[35mSQL (0.6ms)[0m  [1m[33mUPDATE "accounts" SET "balance" = $1, "updated_at" = $2 WHERE "accounts"."id" = $3[0m  [["balance", 5000.0], ["updated_at", "2017-12-14 07:02:09.722569"], ["id", 4]]
  [1m[35m (45.1ms)[0m  [1m[35mCOMMIT[0m
  [1m[35m (0.1ms)[0m  [1m[35mBEGIN[0m
  [1m[35mSQL (0.3ms)[0m  [1m[33mUPDATE "accounts" SET "balance" = $1, "updated_at" = $2 WHERE "accounts"."id" = $3[0m  [["balance", 4800.0], ["updated_at", "2017-12-14 07:02:09.770850"], ["id", 1]]
  [1m[35m (39.6ms)[0m  [1m[35mCOMMIT[0m
  [1m[36mAccount Load (0.4ms)[0m  [1m[34mSELECT  "accounts".* FROM "accounts" ORDER BY "accounts"."id" ASC LIMIT $1[0m  [["LIMIT", 1]]
  [1m[36mAccount Load (0.5ms)[0m  [1m[34mSELECT  "accounts".* FROM "accounts" WHERE "accounts"."id" = $1 LIMIT $2[0m  [["id", nil], ["LIMIT", 1]]
  [1m[36mAccount Load (0.4ms)[0m  [1m[34mSELECT  "accounts".* FROM "accounts" ORDER BY "accounts"."id" ASC LIMIT $1[0m  [["LIMIT", 1]]
  [1m[35m (0.3ms)[0m  [1m[35mBEGIN[0m
  [1m[35mSQL (0.6ms)[0m  [1m[33mUPDATE "accounts" SET "balance" = $1, "updated_at" = $2 WHERE "accounts"."id" = $3[0m  [["balance", 4700.0], ["updated_at", "2017-12-14 07:06:18.086236"], ["id", 1]]
  [1m[35m (19.1ms)[0m  [1m[35mCOMMIT[0m
  [1m[36mAccount Load (0.5ms)[0m  [1m[34mSELECT  "accounts".* FROM "accounts" ORDER BY "accounts"."id" ASC LIMIT $1[0m  [["LIMIT", 1]]
  [1m[36mAccount Load (0.6ms)[0m  [1m[34mSELECT  "accounts".* FROM "accounts" WHERE "accounts"."id" = $1 LIMIT $2[0m  [["id", nil], ["LIMIT", 1]]
  [1m[36mAccount Load (0.5ms)[0m  [1m[34mSELECT  "accounts".* FROM "accounts" WHERE "accounts"."id" = $1 LIMIT $2[0m  [["id", 1], ["LIMIT", 1]]
  [1m[35m (0.3ms)[0m  [1m[35mBEGIN[0m
  [1m[36mAccount Load (0.4ms)[0m  [1m[34mSELECT  "accounts".* FROM "accounts" WHERE "accounts"."id" = $1 LIMIT $2[0m  [["id", 1], ["LIMIT", 1]]
  [1m[35mSQL (0.8ms)[0m  [1m[32mINSERT INTO "account_transactions" ("to_account", "amount", "account_id", "created_at", "updated_at") VALUES ($1, $2, $3, $4, $5) RETURNING "id"[0m  [["to_account", 1], ["amount", 100.0], ["account_id", 1], ["created_at", "2017-12-14 07:08:04.244816"], ["updated_at", "2017-12-14 07:08:04.244816"]]
  [1m[35m (20.6ms)[0m  [1m[35mCOMMIT[0m
  [1m[35m (0.2ms)[0m  [1m[35mBEGIN[0m
  [1m[35mSQL (0.5ms)[0m  [1m[33mUPDATE "accounts" SET "balance" = $1, "updated_at" = $2 WHERE "accounts"."id" = $3[0m  [["balance", 4600.0], ["updated_at", "2017-12-14 07:08:04.268970"], ["id", 1]]
  [1m[35m (4.8ms)[0m  [1m[35mCOMMIT[0m
  [1m[35m (0.2ms)[0m  [1m[34mSELECT pg_try_advisory_lock(3383241564578350545);[0m
  [1m[36mActiveRecord::SchemaMigration Load (19.7ms)[0m  [1m[34mSELECT "schema_migrations".* FROM "schema_migrations"[0m
Migrating to AddDescriptionToAccountTransaction (20171214071326)
  [1m[35m (0.3ms)[0m  [1m[35mBEGIN[0m
  [1m[35m (269.7ms)[0m  [1m[35mALTER TABLE "account_transactions" ADD "description" text[0m
  [1m[35mSQL (0.7ms)[0m  [1m[32mINSERT INTO "schema_migrations" ("version") VALUES ($1) RETURNING "version"[0m  [["version", "20171214071326"]]
  [1m[35m (19.2ms)[0m  [1m[35mCOMMIT[0m
  [1m[36mActiveRecord::InternalMetadata Load (38.2ms)[0m  [1m[34mSELECT  "ar_internal_metadata".* FROM "ar_internal_metadata" WHERE "ar_internal_metadata"."key" = $1 LIMIT $2[0m  [["key", "environment"], ["LIMIT", 1]]
  [1m[35m (0.3ms)[0m  [1m[35mBEGIN[0m
  [1m[35m (0.3ms)[0m  [1m[35mCOMMIT[0m
  [1m[35m (0.5ms)[0m  [1m[34mSELECT pg_advisory_unlock(3383241564578350545)[0m
  [1m[36mActiveRecord::SchemaMigration Load (0.4ms)[0m  [1m[34mSELECT "schema_migrations".* FROM "schema_migrations"[0m
  [1m[35mSQL (14.4ms)[0m  [1m[31mDELETE FROM "account_transactions"[0m
  [1m[36mAccount Load (0.4ms)[0m  [1m[34mSELECT  "accounts".* FROM "accounts" ORDER BY "accounts"."id" ASC LIMIT $1[0m  [["LIMIT", 1]]
  [1m[36mAccount Load (0.5ms)[0m  [1m[34mSELECT  "accounts".* FROM "accounts" WHERE "accounts"."id" = $1 LIMIT $2[0m  [["id", 4], ["LIMIT", 1]]
  [1m[35m (0.4ms)[0m  [1m[35mBEGIN[0m
  [1m[36mAccount Load (0.4ms)[0m  [1m[34mSELECT  "accounts".* FROM "accounts" WHERE "accounts"."id" = $1 LIMIT $2[0m  [["id", 1], ["LIMIT", 1]]
  [1m[35mSQL (0.7ms)[0m  [1m[32mINSERT INTO "account_transactions" ("amount", "account_id", "created_at", "updated_at", "description") VALUES ($1, $2, $3, $4, $5) RETURNING "id"[0m  [["amount", 100.0], ["account_id", 1], ["created_at", "2017-12-14 07:22:53.365663"], ["updated_at", "2017-12-14 07:22:53.365663"], ["description", "Transfer 100.0 to 4"]]
  [1m[35m (18.2ms)[0m  [1m[35mCOMMIT[0m
  [1m[35m (0.3ms)[0m  [1m[35mBEGIN[0m
  [1m[36mAccount Load (0.4ms)[0m  [1m[34mSELECT  "accounts".* FROM "accounts" WHERE "accounts"."id" = $1 LIMIT $2[0m  [["id", 4], ["LIMIT", 1]]
  [1m[35mSQL (0.7ms)[0m  [1m[32mINSERT INTO "account_transactions" ("amount", "account_id", "created_at", "updated_at", "description") VALUES ($1, $2, $3, $4, $5) RETURNING "id"[0m  [["amount", 100.0], ["account_id", 4], ["created_at", "2017-12-14 07:22:53.389081"], ["updated_at", "2017-12-14 07:22:53.389081"], ["description", "Transfer 4 from 100.0"]]
  [1m[35m (3.3ms)[0m  [1m[35mCOMMIT[0m
  [1m[35m (0.3ms)[0m  [1m[35mBEGIN[0m
  [1m[35mSQL (0.6ms)[0m  [1m[33mUPDATE "accounts" SET "balance" = $1, "updated_at" = $2 WHERE "accounts"."id" = $3[0m  [["balance", 4700.0], ["updated_at", "2017-12-14 07:22:53.395739"], ["id", 4]]
  [1m[35m (4.5ms)[0m  [1m[35mCOMMIT[0m
  [1m[35m (0.3ms)[0m  [1m[35mBEGIN[0m
  [1m[35mSQL (0.6ms)[0m  [1m[33mUPDATE "accounts" SET "balance" = $1, "updated_at" = $2 WHERE "accounts"."id" = $3[0m  [["balance", 4500.0], ["updated_at", "2017-12-14 07:22:53.404137"], ["id", 1]]
  [1m[35m (4.7ms)[0m  [1m[35mCOMMIT[0m
  [1m[36mAccountTransaction Load (0.7ms)[0m  [1m[34mSELECT "account_transactions".* FROM "account_transactions"[0m
  [1m[36mAccount Load (0.4ms)[0m  [1m[34mSELECT  "accounts".* FROM "accounts" ORDER BY "accounts"."id" ASC LIMIT $1[0m  [["LIMIT", 1]]
  [1m[36mAccount Load (0.6ms)[0m  [1m[34mSELECT  "accounts".* FROM "accounts" WHERE "accounts"."id" = $1 LIMIT $2[0m  [["id", 4], ["LIMIT", 1]]
  [1m[35m (0.3ms)[0m  [1m[35mBEGIN[0m
  [1m[36mAccount Load (0.4ms)[0m  [1m[34mSELECT  "accounts".* FROM "accounts" WHERE "accounts"."id" = $1 LIMIT $2[0m  [["id", 1], ["LIMIT", 1]]
  [1m[35mSQL (0.8ms)[0m  [1m[32mINSERT INTO "account_transactions" ("to_account", "from_account", "amount", "account_id", "created_at", "updated_at", "description") VALUES ($1, $2, $3, $4, $5, $6, $7) RETURNING "id"[0m  [["to_account", 4], ["from_account", 1], ["amount", 100.0], ["account_id", 1], ["created_at", "2017-12-14 07:29:07.750741"], ["updated_at", "2017-12-14 07:29:07.750741"], ["description", "Transfer 100.0 to 4"]]
  [1m[35m (16.7ms)[0m  [1m[35mCOMMIT[0m
  [1m[35m (0.3ms)[0m  [1m[35mBEGIN[0m
  [1m[36mAccount Load (0.4ms)[0m  [1m[34mSELECT  "accounts".* FROM "accounts" WHERE "accounts"."id" = $1 LIMIT $2[0m  [["id", 4], ["LIMIT", 1]]
  [1m[35mSQL (0.7ms)[0m  [1m[32mINSERT INTO "account_transactions" ("to_account", "from_account", "amount", "account_id", "created_at", "updated_at", "description") VALUES ($1, $2, $3, $4, $5, $6, $7) RETURNING "id"[0m  [["to_account", 4], ["from_account", 1], ["amount", 100.0], ["account_id", 4], ["created_at", "2017-12-14 07:29:07.774074"], ["updated_at", "2017-12-14 07:29:07.774074"], ["description", "Transfer 4 from 100.0"]]
  [1m[35m (10.5ms)[0m  [1m[35mCOMMIT[0m
  [1m[35m (0.2ms)[0m  [1m[35mBEGIN[0m
  [1m[35mSQL (0.5ms)[0m  [1m[33mUPDATE "accounts" SET "balance" = $1, "updated_at" = $2 WHERE "accounts"."id" = $3[0m  [["balance", 4600.0], ["updated_at", "2017-12-14 07:29:07.787886"], ["id", 4]]
  [1m[35m (5.0ms)[0m  [1m[35mCOMMIT[0m
  [1m[35m (0.2ms)[0m  [1m[35mBEGIN[0m
  [1m[35mSQL (0.6ms)[0m  [1m[33mUPDATE "accounts" SET "balance" = $1, "updated_at" = $2 WHERE "accounts"."id" = $3[0m  [["balance", 4400.0], ["updated_at", "2017-12-14 07:29:07.796086"], ["id", 1]]
  [1m[35m (5.4ms)[0m  [1m[35mCOMMIT[0m
  [1m[36mAccount Load (0.4ms)[0m  [1m[34mSELECT  "accounts".* FROM "accounts" ORDER BY "accounts"."id" ASC LIMIT $1[0m  [["LIMIT", 1]]
  [1m[36mAccount Load (0.5ms)[0m  [1m[34mSELECT  "accounts".* FROM "accounts" WHERE "accounts"."id" = $1 LIMIT $2[0m  [["id", 4], ["LIMIT", 1]]
  [1m[35m (0.3ms)[0m  [1m[35mBEGIN[0m
  [1m[36mAccount Load (0.4ms)[0m  [1m[34mSELECT  "accounts".* FROM "accounts" WHERE "accounts"."id" = $1 LIMIT $2[0m  [["id", 1], ["LIMIT", 1]]
  [1m[35mSQL (0.6ms)[0m  [1m[32mINSERT INTO "account_transactions" ("to_account", "from_account", "amount", "account_id", "created_at", "updated_at", "description") VALUES ($1, $2, $3, $4, $5, $6, $7) RETURNING "id"[0m  [["to_account", 4], ["from_account", 1], ["amount", 100.0], ["account_id", 1], ["created_at", "2017-12-14 07:30:41.348212"], ["updated_at", "2017-12-14 07:30:41.348212"], ["description", "Transfer 100.0 to 4"]]
  [1m[35m (26.1ms)[0m  [1m[35mCOMMIT[0m
  [1m[35m (0.2ms)[0m  [1m[35mBEGIN[0m
  [1m[36mAccount Load (0.3ms)[0m  [1m[34mSELECT  "accounts".* FROM "accounts" WHERE "accounts"."id" = $1 LIMIT $2[0m  [["id", 4], ["LIMIT", 1]]
  [1m[35mSQL (0.6ms)[0m  [1m[32mINSERT INTO "account_transactions" ("to_account", "from_account", "amount", "account_id", "created_at", "updated_at", "description") VALUES ($1, $2, $3, $4, $5, $6, $7) RETURNING "id"[0m  [["to_account", 4], ["from_account", 1], ["amount", 100.0], ["account_id", 4], ["created_at", "2017-12-14 07:30:41.379290"], ["updated_at", "2017-12-14 07:30:41.379290"], ["description", "Transfer 100.0 from  1"]]
  [1m[35m (3.4ms)[0m  [1m[35mCOMMIT[0m
  [1m[35m (0.2ms)[0m  [1m[35mBEGIN[0m
  [1m[35mSQL (0.5ms)[0m  [1m[33mUPDATE "accounts" SET "balance" = $1, "updated_at" = $2 WHERE "accounts"."id" = $3[0m  [["balance", 4500.0], ["updated_at", "2017-12-14 07:30:41.385749"], ["id", 4]]
  [1m[35m (5.1ms)[0m  [1m[35mCOMMIT[0m
  [1m[35m (0.2ms)[0m  [1m[35mBEGIN[0m
  [1m[35mSQL (0.7ms)[0m  [1m[33mUPDATE "accounts" SET "balance" = $1, "updated_at" = $2 WHERE "accounts"."id" = $3[0m  [["balance", 4300.0], ["updated_at", "2017-12-14 07:30:41.394043"], ["id", 1]]
  [1m[35m (4.5ms)[0m  [1m[35mCOMMIT[0m
  [1m[36mAccount Load (0.4ms)[0m  [1m[34mSELECT  "accounts".* FROM "accounts" ORDER BY "accounts"."id" ASC LIMIT $1[0m  [["LIMIT", 1]]
  [1m[35m (0.3ms)[0m  [1m[35mBEGIN[0m
  [1m[36mAccount Load (0.5ms)[0m  [1m[34mSELECT  "accounts".* FROM "accounts" WHERE "accounts"."id" = $1 LIMIT $2[0m  [["id", 1], ["LIMIT", 1]]
  [1m[35mSQL (0.7ms)[0m  [1m[32mINSERT INTO "account_transactions" ("to_account", "from_account", "amount", "account_id", "created_at", "updated_at", "description") VALUES ($1, $2, $3, $4, $5, $6, $7) RETURNING "id"[0m  [["to_account", 1], ["from_account", 1], ["amount", 100.0], ["account_id", 1], ["created_at", "2017-12-14 07:33:24.237957"], ["updated_at", "2017-12-14 07:33:24.237957"], ["description", "Transfered 100.0 to 1"]]
  [1m[35m (22.5ms)[0m  [1m[35mCOMMIT[0m
  [1m[35m (0.3ms)[0m  [1m[35mBEGIN[0m
  [1m[35mSQL (0.5ms)[0m  [1m[33mUPDATE "accounts" SET "balance" = $1, "updated_at" = $2 WHERE "accounts"."id" = $3[0m  [["balance", 4200.0], ["updated_at", "2017-12-14 07:33:24.264935"], ["id", 1]]
  [1m[35m (4.9ms)[0m  [1m[35mCOMMIT[0m
  [1m[36mAccount Load (0.4ms)[0m  [1m[34mSELECT  "accounts".* FROM "accounts" ORDER BY "accounts"."id" ASC LIMIT $1[0m  [["LIMIT", 1]]
  [1m[35m (0.3ms)[0m  [1m[35mBEGIN[0m
  [1m[36mAccount Load (0.4ms)[0m  [1m[34mSELECT  "accounts".* FROM "accounts" WHERE "accounts"."id" = $1 LIMIT $2[0m  [["id", 1], ["LIMIT", 1]]
  [1m[35mSQL (0.6ms)[0m  [1m[32mINSERT INTO "account_transactions" ("to_account", "from_account", "amount", "account_id", "created_at", "updated_at", "description") VALUES ($1, $2, $3, $4, $5, $6, $7) RETURNING "id"[0m  [["to_account", 1], ["from_account", 1], ["amount", 100.0], ["account_id", 1], ["created_at", "2017-12-14 07:34:26.674221"], ["updated_at", "2017-12-14 07:34:26.674221"], ["description", "Credited Amount 100.0 to 1"]]
  [1m[35m (16.3ms)[0m  [1m[35mCOMMIT[0m
  [1m[35m (0.3ms)[0m  [1m[35mBEGIN[0m
  [1m[35mSQL (0.6ms)[0m  [1m[33mUPDATE "accounts" SET "balance" = $1, "updated_at" = $2 WHERE "accounts"."id" = $3[0m  [["balance", 4300.0], ["updated_at", "2017-12-14 07:34:26.694127"], ["id", 1]]
  [1m[35m (4.9ms)[0m  [1m[35mCOMMIT[0m
  [1m[36mCustomer Load (26.6ms)[0m  [1m[34mSELECT  "customers".* FROM "customers" ORDER BY "customers"."id" DESC LIMIT $1[0m  [["LIMIT", 1]]
  [1m[36mCustomer Load (0.6ms)[0m  [1m[34mSELECT  "customers".* FROM "customers" ORDER BY "customers"."id" DESC LIMIT $1[0m  [["LIMIT", 1]]
  [1m[36mCustomer Load (0.4ms)[0m  [1m[34mSELECT  "customers".* FROM "customers" ORDER BY "customers"."id" DESC LIMIT $1[0m  [["LIMIT", 1]]
  [1m[35m (0.3ms)[0m  [1m[35mBEGIN[0m
  [1m[35mSQL (0.8ms)[0m  [1m[33mUPDATE "customers" SET "updated_at" = $1, "status" = $2 WHERE "customers"."id" = $3[0m  [["updated_at", "2017-12-14 12:26:37.565254"], ["status", "f"], ["id", 2]]
  [1m[35m (30.9ms)[0m  [1m[35mCOMMIT[0m
  [1m[36mCustomer Load (0.4ms)[0m  [1m[34mSELECT  "customers".* FROM "customers" ORDER BY "customers"."id" DESC LIMIT $1[0m  [["LIMIT", 1]]
  [1m[35m (0.3ms)[0m  [1m[35mBEGIN[0m
  [1m[35mSQL (0.7ms)[0m  [1m[33mUPDATE "customers" SET "updated_at" = $1, "status" = $2 WHERE "customers"."id" = $3[0m  [["updated_at", "2017-12-14 12:27:25.820650"], ["status", "t"], ["id", 2]]
  [1m[35m (19.6ms)[0m  [1m[35mCOMMIT[0m
  [1m[35m (0.3ms)[0m  [1m[35mBEGIN[0m
  [1m[35mSQL (0.7ms)[0m  [1m[33mUPDATE "customers" SET "updated_at" = $1, "status" = $2 WHERE "customers"."id" = $3[0m  [["updated_at", "2017-12-14 12:27:31.261561"], ["status", "f"], ["id", 2]]
  [1m[35m (31.0ms)[0m  [1m[35mCOMMIT[0m
  [1m[36mAccount Load (30.6ms)[0m  [1m[34mSELECT  "accounts".* FROM "accounts" ORDER BY "accounts"."id" DESC LIMIT $1[0m  [["LIMIT", 1]]
  [1m[35m (0.3ms)[0m  [1m[35mBEGIN[0m
  [1m[36mAccount Load (0.4ms)[0m  [1m[34mSELECT  "accounts".* FROM "accounts" WHERE "accounts"."id" = $1 LIMIT $2[0m  [["id", 4], ["LIMIT", 1]]
  [1m[35mSQL (56.6ms)[0m  [1m[32mINSERT INTO "account_transactions" ("to_account", "from_account", "amount", "account_id", "created_at", "updated_at", "description") VALUES ($1, $2, $3, $4, $5, $6, $7) RETURNING "id"[0m  [["to_account", 4], ["from_account", 4], ["amount", 1100.0], ["account_id", 4], ["created_at", "2017-12-14 13:33:40.379124"], ["updated_at", "2017-12-14 13:33:40.379124"], ["description", "Credited Amount 1100.0 to 4"]]
  [1m[35m (31.6ms)[0m  [1m[35mCOMMIT[0m
  [1m[35m (0.3ms)[0m  [1m[35mBEGIN[0m
  [1m[35mSQL (0.6ms)[0m  [1m[33mUPDATE "accounts" SET "balance" = $1, "updated_at" = $2 WHERE "accounts"."id" = $3[0m  [["balance", 5600.0], ["updated_at", "2017-12-14 13:33:40.470773"], ["id", 4]]
  [1m[35m (4.2ms)[0m  [1m[35mCOMMIT[0m
  [1m[36mAccount Load (48.5ms)[0m  [1m[34mSELECT  "accounts".* FROM "accounts" ORDER BY "accounts"."id" DESC LIMIT $1[0m  [["LIMIT", 1]]
  [1m[36mAccount Load (0.4ms)[0m  [1m[34mSELECT  "accounts".* FROM "accounts" ORDER BY "accounts"."id" DESC LIMIT $1[0m  [["LIMIT", 1]]
  [1m[36mAccount Load (0.4ms)[0m  [1m[34mSELECT  "accounts".* FROM "accounts" ORDER BY "accounts"."id" DESC LIMIT $1[0m  [["LIMIT", 1]]
  [1m[35m (0.3ms)[0m  [1m[35mBEGIN[0m
  [1m[35mSQL (0.8ms)[0m  [1m[33mUPDATE "accounts" SET "status" = $1, "updated_at" = $2 WHERE "accounts"."id" = $3[0m  [["status", "f"], ["updated_at", "2017-12-28 04:14:57.308671"], ["id", 4]]
  [1m[35m (19.3ms)[0m  [1m[35mCOMMIT[0m
  [1m[36mAccount Load (0.4ms)[0m  [1m[34mSELECT  "accounts".* FROM "accounts" ORDER BY "accounts"."id" DESC LIMIT $1[0m  [["LIMIT", 1]]
  [1m[35m (0.3ms)[0m  [1m[35mBEGIN[0m
  [1m[35mSQL (0.6ms)[0m  [1m[33mUPDATE "accounts" SET "status" = $1, "updated_at" = $2 WHERE "accounts"."id" = $3[0m  [["status", "t"], ["updated_at", "2017-12-28 04:16:25.667847"], ["id", 4]]
  [1m[35m (55.2ms)[0m  [1m[35mCOMMIT[0m
  [1m[36mAccount Load (0.6ms)[0m  [1m[34mSELECT  "accounts".* FROM "accounts" ORDER BY "accounts"."id" DESC LIMIT $1[0m  [["LIMIT", 1]]
  [1m[36mAccount Load (0.6ms)[0m  [1m[34mSELECT  "accounts".* FROM "accounts" ORDER BY "accounts"."id" DESC LIMIT $1[0m  [["LIMIT", 1]]
  [1m[36mAccount Load (0.3ms)[0m  [1m[34mSELECT  "accounts".* FROM "accounts" ORDER BY "accounts"."id" DESC LIMIT $1[0m  [["LIMIT", 1]]
  [1m[35m (0.3ms)[0m  [1m[35mBEGIN[0m
  [1m[35mSQL (0.7ms)[0m  [1m[33mUPDATE "accounts" SET "status" = $1, "updated_at" = $2 WHERE "accounts"."id" = $3[0m  [["status", "f"], ["updated_at", "2017-12-28 04:18:33.371074"], ["id", 4]]
  [1m[35m (15.0ms)[0m  [1m[35mCOMMIT[0m
  [1m[35m (0.3ms)[0m  [1m[35mBEGIN[0m
  [1m[35mSQL (0.6ms)[0m  [1m[33mUPDATE "accounts" SET "status" = $1, "updated_at" = $2 WHERE "accounts"."id" = $3[0m  [["status", "t"], ["updated_at", "2017-12-28 04:18:39.842565"], ["id", 4]]
  [1m[35m (21.3ms)[0m  [1m[35mCOMMIT[0m
  [1m[36mCustomer Load (34.8ms)[0m  [1m[34mSELECT  "customers".* FROM "customers" ORDER BY "customers"."id" DESC LIMIT $1[0m  [["LIMIT", 1]]
  [1m[35m (0.3ms)[0m  [1m[35mBEGIN[0m
  [1m[35mSQL (0.7ms)[0m  [1m[33mUPDATE "customers" SET "updated_at" = $1, "status" = $2 WHERE "customers"."id" = $3[0m  [["updated_at", "2017-12-28 04:23:02.745837"], ["status", "t"], ["id", 2]]
  [1m[35m (19.8ms)[0m  [1m[35mCOMMIT[0m
  [1m[35m (0.3ms)[0m  [1m[35mBEGIN[0m
  [1m[35mSQL (0.6ms)[0m  [1m[33mUPDATE "customers" SET "updated_at" = $1, "status" = $2 WHERE "customers"."id" = $3[0m  [["updated_at", "2017-12-28 04:23:08.865417"], ["status", "f"], ["id", 2]]
  [1m[35m (19.7ms)[0m  [1m[35mCOMMIT[0m
  [1m[35m (0.3ms)[0m  [1m[35mBEGIN[0m
  [1m[35mSQL (0.6ms)[0m  [1m[33mUPDATE "customers" SET "updated_at" = $1, "status" = $2 WHERE "customers"."id" = $3[0m  [["updated_at", "2017-12-28 04:23:14.847662"], ["status", "t"], ["id", 2]]
  [1m[35m (23.3ms)[0m  [1m[35mCOMMIT[0m
  [1m[36mCustomer Load (0.4ms)[0m  [1m[34mSELECT  "customers".* FROM "customers" ORDER BY "customers"."id" DESC LIMIT $1[0m  [["LIMIT", 1]]
  [1m[35m (0.3ms)[0m  [1m[35mBEGIN[0m
  [1m[35mSQL (0.6ms)[0m  [1m[33mUPDATE "customers" SET "updated_at" = $1, "status" = $2 WHERE "customers"."id" = $3[0m  [["updated_at", "2017-12-28 04:31:05.248330"], ["status", "f"], ["id", 2]]
  [1m[35m (17.8ms)[0m  [1m[35mCOMMIT[0m
  [1m[35m (0.3ms)[0m  [1m[35mBEGIN[0m
  [1m[35mSQL (0.6ms)[0m  [1m[33mUPDATE "customers" SET "updated_at" = $1, "status" = $2 WHERE "customers"."id" = $3[0m  [["updated_at", "2017-12-28 04:31:12.976438"], ["status", "t"], ["id", 2]]
  [1m[35m (40.6ms)[0m  [1m[35mCOMMIT[0m
  [1m[36mAccount Load (1.2ms)[0m  [1m[34mSELECT "accounts".* FROM "accounts" GROUP BY "customer"[0m
  [1m[36mAccount Load (14.9ms)[0m  [1m[34mSELECT "accounts".* FROM "accounts" GROUP BY "accounts"."status"[0m
  [1m[35m (36.6ms)[0m  [1m[34mSELECT COUNT(*) AS count_all, "accounts"."customer_id" AS accounts_customer_id FROM "accounts" GROUP BY "accounts"."customer_id"[0m
  [1m[36mCustomer Load (48.3ms)[0m  [1m[34mSELECT "customers".* FROM "customers" WHERE "customers"."id" IN (1, 2)[0m
  [1m[35m (0.7ms)[0m  [1m[34mSELECT COUNT(*) FROM "customers"[0m
  [1m[35m (0.8ms)[0m  [1m[34mSELECT COUNT(*) AS count_all, "account" AS account FROM "customers" GROUP BY "account"[0m
  [1m[35m (0.7ms)[0m  [1m[34mSELECT COUNT(*) AS count_all, "accounts"."customer_id" AS accounts_customer_id FROM "accounts" GROUP BY "accounts"."customer_id"[0m
  [1m[36mCustomer Load (0.5ms)[0m  [1m[34mSELECT "customers".* FROM "customers" WHERE "customers"."id" IN (1, 2)[0m
  [1m[35m (25.8ms)[0m  [1m[34mSELECT COUNT(*) AS count_all, "account_transactions"."account_id" AS account_transactions_account_id FROM "account_transactions" GROUP BY "account_transactions"."account_id"[0m
  [1m[36mAccount Load (0.6ms)[0m  [1m[34mSELECT "accounts".* FROM "accounts" WHERE "accounts"."id" IN (4, 1)[0m
  [1m[35m (0.8ms)[0m  [1m[34mSELECT COUNT(*) FROM "account_transactions" INNER JOIN "accounts" ON "accounts"."id" = "account_transactions"."account_id"[0m
  [1m[35m (0.8ms)[0m  [1m[34mSELECT COUNT(*) FROM "accounts" INNER JOIN "customers" ON "customers"."id" = "accounts"."customer_id"[0m
  [1m[35m (0.9ms)[0m  [1m[34mSELECT COUNT(*) FROM "accounts" WHERE (customer_id = present)[0m
  [1m[35m (0.8ms)[0m  [1m[34mSELECT COUNT(*) FROM "accounts" WHERE (customer_id = ?)[0m
  [1m[35m (0.8ms)[0m  [1m[34mSELECT COUNT(*) FROM "accounts" WHERE (customer_id = nil)[0m
  [1m[36mAccount Load (0.9ms)[0m  [1m[34mSELECT "accounts".* FROM "accounts" INNER JOIN "customers" ON "customers"."id" = "accounts"."customer_id"[0m
  [1m[36mAccount Load (0.6ms)[0m  [1m[34mSELECT "accounts".* FROM "accounts"[0m
  [1m[35m (0.7ms)[0m  [1m[34mSELECT COUNT(*) FROM "accounts"[0m
  [1m[36mAccount Load (0.7ms)[0m  [1m[34mSELECT "accounts".* FROM "accounts"[0m
  [1m[36mAccount Load (0.7ms)[0m  [1m[34mSELECT "accounts".* FROM "accounts"[0m
  [1m[36mCustomer Load (0.6ms)[0m  [1m[34mSELECT "customers".* FROM "customers" WHERE "customers"."id" IN (1, 2)[0m
  [1m[36mAccount Load (0.8ms)[0m  [1m[34mSELECT  "accounts".* FROM "accounts" ORDER BY "accounts"."id" DESC LIMIT $1[0m  [["LIMIT", 1]]
  [1m[35m (0.3ms)[0m  [1m[35mBEGIN[0m
  [1m[35mSQL (20.2ms)[0m  [1m[33mUPDATE "accounts" SET "status" = $1, "updated_at" = $2 WHERE "accounts"."id" = $3[0m  [["status", "f"], ["updated_at", "2017-12-28 13:11:07.658213"], ["id", 4]]
  [1m[35m (26.7ms)[0m  [1m[35mCOMMIT[0m
  [1m[35m (0.3ms)[0m  [1m[35mBEGIN[0m
  [1m[35mSQL (0.6ms)[0m  [1m[33mUPDATE "accounts" SET "status" = $1, "updated_at" = $2 WHERE "accounts"."id" = $3[0m  [["status", "t"], ["updated_at", "2017-12-28 13:11:18.649293"], ["id", 4]]
  [1m[35m (20.4ms)[0m  [1m[35mCOMMIT[0m
  [1m[36mAccount Load (0.6ms)[0m  [1m[34mSELECT  "accounts".* FROM "accounts" ORDER BY "accounts"."id" DESC LIMIT $1[0m  [["LIMIT", 1]]
  [1m[36mAccount Load (0.6ms)[0m  [1m[34mSELECT  "accounts".* FROM "accounts" ORDER BY "accounts"."id" DESC LIMIT $1[0m  [["LIMIT", 1]]
  [1m[36mAccount Load (0.6ms)[0m  [1m[34mSELECT  "accounts".* FROM "accounts" ORDER BY "accounts"."id" DESC LIMIT $1[0m  [["LIMIT", 1]]
  [1m[36mAccount Load (0.6ms)[0m  [1m[34mSELECT  "accounts".* FROM "accounts" ORDER BY "accounts"."id" DESC LIMIT $1[0m  [["LIMIT", 1]]
  [1m[36mAccount Load (0.5ms)[0m  [1m[34mSELECT  "accounts".* FROM "accounts" ORDER BY "accounts"."id" DESC LIMIT $1[0m  [["LIMIT", 1]]
  [1m[36mAccount Load (0.6ms)[0m  [1m[34mSELECT  "accounts".* FROM "accounts" ORDER BY "accounts"."id" DESC LIMIT $1[0m  [["LIMIT", 1]]
  [1m[36mAccount Load (0.6ms)[0m  [1m[34mSELECT  "accounts".* FROM "accounts" ORDER BY "accounts"."id" DESC LIMIT $1[0m  [["LIMIT", 1]]
